# JRE version: OpenJDK Runtime Environment (8.0_212) (build 1.8.0_212-release-1586-b4-5784211)
# Java VM: OpenJDK 64-Bit Server VM (25.212-b4-5784211 mixed mode bsd-amd64 compressed oops)
Heap:
 PSYoungGen      total 442880K, used 34454K [0x00000007a0000000, 0x00000007c0000000, 0x00000007c0000000)
  eden space 356864K, 0% used [0x00000007a0000000,0x00000007a0000000,0x00000007b5c80000)
  from space 86016K, 40% used [0x00000007bac00000,0x00000007bcda5b60,0x00000007c0000000)
  to   space 81408K, 0% used [0x00000007b5c80000,0x00000007b5c80000,0x00000007bac00000)
 ParOldGen       total 526848K, used 484227K [0x0000000760000000, 0x0000000780280000, 0x00000007a0000000)
  object space 526848K, 91% used [0x0000000760000000,0x000000077d8e0c88,0x0000000780280000)
 Metaspace       used 201719K, capacity 215464K, committed 215768K, reserved 1236992K
  class space    used 25403K, capacity 28103K, committed 28160K, reserved 1048576K
GC Heap History (10 events):
Event: 1952.856 GC heap after
Heap after GC invocations=86 (full 8):
 PSYoungGen      total 431616K, used 62064K [0x00000007a0000000, 0x00000007c0000000, 0x00000007c0000000)
  eden space 355328K, 0% used [0x00000007a0000000,0x00000007a0000000,0x00000007b5b00000)
  from space 76288K, 81% used [0x00000007bb400000,0x00000007bf09c3c0,0x00000007bfe80000)
  to   space 84480K, 0% used [0x00000007b5b00000,0x00000007b5b00000,0x00000007bad80000)
 ParOldGen       total 526848K, used 313572K [0x0000000760000000, 0x0000000780280000, 0x00000007a0000000)
  object space 526848K, 59% used [0x0000000760000000,0x0000000773239328,0x0000000780280000)
 Metaspace       used 201111K, capacity 214680K, committed 215000K, reserved 1236992K
  class space    used 25333K, capacity 27963K, committed 28160K, reserved 1048576K
}
Event: 1953.681 GC heap before
{Heap before GC invocations=87 (full 8):
 PSYoungGen      total 431616K, used 417392K [0x00000007a0000000, 0x00000007c0000000, 0x00000007c0000000)
  eden space 355328K, 100% used [0x00000007a0000000,0x00000007b5b00000,0x00000007b5b00000)
  from space 76288K, 81% used [0x00000007bb400000,0x00000007bf09c3c0,0x00000007bfe80000)
  to   space 84480K, 0% used [0x00000007b5b00000,0x00000007b5b00000,0x00000007bad80000)
 ParOldGen       total 526848K, used 313572K [0x0000000760000000, 0x0000000780280000, 0x00000007a0000000)
  object space 526848K, 59% used [0x0000000760000000,0x0000000773239328,0x0000000780280000)
 Metaspace       used 201157K, capacity 214752K, committed 215000K, reserved 1236992K
  class space    used 25333K, capacity 27963K, committed 28160K, reserved 1048576K
Event: 1953.806 GC heap after
Heap after GC invocations=87 (full 8):
 PSYoungGen      total 439808K, used 37241K [0x00000007a0000000, 0x00000007c0000000, 0x00000007c0000000)
  eden space 355328K, 0% used [0x00000007a0000000,0x00000007a0000000,0x00000007b5b00000)
  from space 84480K, 44% used [0x00000007b5b00000,0x00000007b7f5e4b0,0x00000007bad80000)
  to   space 81408K, 0% used [0x00000007bb080000,0x00000007bb080000,0x00000007c0000000)
 ParOldGen       total 526848K, used 339190K [0x0000000760000000, 0x0000000780280000, 0x00000007a0000000)
  object space 526848K, 64% used [0x0000000760000000,0x0000000774b3d950,0x0000000780280000)
 Metaspace       used 201157K, capacity 214752K, committed 215000K, reserved 1236992K
  class space    used 25333K, capacity 27963K, committed 28160K, reserved 1048576K
}
Event: 1959.619 GC heap before
{Heap before GC invocations=88 (full 8):
 PSYoungGen      total 439808K, used 385584K [0x00000007a0000000, 0x00000007c0000000, 0x00000007c0000000)
  eden space 355328K, 98% used [0x00000007a0000000,0x00000007b542df00,0x00000007b5b00000)
  from space 84480K, 44% used [0x00000007b5b00000,0x00000007b7f5e4b0,0x00000007bad80000)
  to   space 81408K, 0% used [0x00000007bb080000,0x00000007bb080000,0x00000007c0000000)
 ParOldGen       total 526848K, used 347382K [0x0000000760000000, 0x0000000780280000, 0x00000007a0000000)
  object space 526848K, 65% used [0x0000000760000000,0x000000077533d960,0x0000000780280000)
 Metaspace       used 201214K, capacity 214828K, committed 215256K, reserved 1236992K
  class space    used 25333K, capacity 27963K, committed 28160K, reserved 1048576K
Event: 1959.713 GC heap after
Heap after GC invocations=88 (full 8):
 PSYoungGen      total 427520K, used 32139K [0x00000007a0000000, 0x00000007bf400000, 0x00000007c0000000)
  eden space 358400K, 0% used [0x00000007a0000000,0x00000007a0000000,0x00000007b5e00000)
  from space 69120K, 46% used [0x00000007bb080000,0x00000007bcfe2d20,0x00000007bf400000)
  to   space 76800K, 0% used [0x00000007b5e00000,0x00000007b5e00000,0x00000007ba900000)
 ParOldGen       total 526848K, used 351991K [0x0000000760000000, 0x0000000780280000, 0x00000007a0000000)
  object space 526848K, 66% used [0x0000000760000000,0x00000007757bdf58,0x0000000780280000)
 Metaspace       used 201214K, capacity 214828K, committed 215256K, reserved 1236992K
  class space    used 25333K, capacity 27963K, committed 28160K, reserved 1048576K
}
Event: 1966.071 GC heap before
{Heap before GC invocations=89 (full 8):
 PSYoungGen      total 427520K, used 390539K [0x00000007a0000000, 0x00000007bf400000, 0x00000007c0000000)
  eden space 358400K, 100% used [0x00000007a0000000,0x00000007b5e00000,0x00000007b5e00000)
  from space 69120K, 46% used [0x00000007bb080000,0x00000007bcfe2d20,0x00000007bf400000)
  to   space 76800K, 0% used [0x00000007b5e00000,0x00000007b5e00000,0x00000007ba900000)
 ParOldGen       total 526848K, used 437364K [0x0000000760000000, 0x0000000780280000, 0x00000007a0000000)
  object space 526848K, 83% used [0x0000000760000000,0x000000077ab1d1a0,0x0000000780280000)
 Metaspace       used 201216K, capacity 214828K, committed 215256K, reserved 1236992K
  class space    used 25333K, capacity 27963K, committed 28160K, reserved 1048576K
Event: 1966.185 GC heap after
Heap after GC invocations=89 (full 8):
 PSYoungGen      total 435200K, used 69498K [0x00000007a0000000, 0x00000007c0000000, 0x00000007c0000000)
  eden space 358400K, 0% used [0x00000007a0000000,0x00000007a0000000,0x00000007b5e00000)
  from space 76800K, 90% used [0x00000007b5e00000,0x00000007ba1deae8,0x00000007ba900000)
  to   space 86016K, 0% used [0x00000007bac00000,0x00000007bac00000,0x00000007c0000000)
 ParOldGen       total 526848K, used 455906K [0x0000000760000000, 0x0000000780280000, 0x00000007a0000000)
  object space 526848K, 86% used [0x0000000760000000,0x000000077bd38898,0x0000000780280000)
 Metaspace       used 201216K, capacity 214828K, committed 215256K, reserved 1236992K
  class space    used 25333K, capacity 27963K, committed 28160K, reserved 1048576K
}
Event: 2095.937 GC heap before
{Heap before GC invocations=90 (full 8):
 PSYoungGen      total 435200K, used 427898K [0x00000007a0000000, 0x00000007c0000000, 0x00000007c0000000)
  eden space 358400K, 100% used [0x00000007a0000000,0x00000007b5e00000,0x00000007b5e00000)
  from space 76800K, 90% used [0x00000007b5e00000,0x00000007ba1deae8,0x00000007ba900000)
  to   space 86016K, 0% used [0x00000007bac00000,0x00000007bac00000,0x00000007c0000000)
 ParOldGen       total 526848K, used 455906K [0x0000000760000000, 0x0000000780280000, 0x00000007a0000000)
  object space 526848K, 86% used [0x0000000760000000,0x000000077bd38898,0x0000000780280000)
 Metaspace       used 201719K, capacity 215464K, committed 215768K, reserved 1236992K
  class space    used 25403K, capacity 28103K, committed 28160K, reserved 1048576K
Event: 2096.222 GC heap after
Heap after GC invocations=90 (full 8):
 PSYoungGen      total 442880K, used 34454K [0x00000007a0000000, 0x00000007c0000000, 0x00000007c0000000)
  eden space 356864K, 0% used [0x00000007a0000000,0x00000007a0000000,0x00000007b5c80000)
  from space 86016K, 40% used [0x00000007bac00000,0x00000007bcda5b60,0x00000007c0000000)
  to   space 81408K, 0% used [0x00000007b5c80000,0x00000007b5c80000,0x00000007bac00000)
 ParOldGen       total 526848K, used 484227K [0x0000000760000000, 0x0000000780280000, 0x00000007a0000000)
  object space 526848K, 91% used [0x0000000760000000,0x000000077d8e0c88,0x0000000780280000)
 Metaspace       used 201719K, capacity 215464K, committed 215768K, reserved 1236992K
  class space    used 25403K, capacity 28103K, committed 28160K, reserved 1048576K
}
Event: 2096.222 GC heap before
{Heap before GC invocations=91 (full 9):
 PSYoungGen      total 442880K, used 34454K [0x00000007a0000000, 0x00000007c0000000, 0x00000007c0000000)
  eden space 356864K, 0% used [0x00000007a0000000,0x00000007a0000000,0x00000007b5c80000)
  from space 86016K, 40% used [0x00000007bac00000,0x00000007bcda5b60,0x00000007c0000000)
  to   space 81408K, 0% used [0x00000007b5c80000,0x00000007b5c80000,0x00000007bac00000)
 ParOldGen       total 526848K, used 484227K [0x0000000760000000, 0x0000000780280000, 0x00000007a0000000)
  object space 526848K, 91% used [0x0000000760000000,0x000000077d8e0c88,0x0000000780280000)
 Metaspace       used 201719K, capacity 215464K, committed 215768K, reserved 1236992K
  class space    used 25403K, capacity 28103K, committed 28160K, reserved 1048576K

